<?xml version="1.0" encoding="UTF-8"?>
<!-- Generated by org.testng.reporters.JUnitXMLReporter -->
<testsuite hostname="52klj72" ignored="0" name="Command line test" tests="3" failures="2" timestamp="07 mar 2018 08:05:17 GMT" time="123.812" errors="0">
  <testcase name="shouldGotoRegisterPage" time="2.228" classname="Tests.DemoPageTest"/>
  <testcase name="shouldLogInto" time="27.223" classname="Tests.LoginTest">
    <failure type="java.lang.AssertionError" message="expected:&amp;lt;http://localhost:8080/siiamanTest/restaurants&amp;gt; but was:&amp;lt;http://localhost:8080/siiamanTest/&amp;gt;">
      <![CDATA[java.lang.AssertionError: expected:<http://localhost:8080/siiamanTest/restaurants> but was:<http://localhost:8080/siiamanTest/>
at Tests.LoginTest.shouldLogInto(LoginTest.java:29)
... Removed 37 stack frames]]>
    </failure>
  </testcase> <!-- shouldLogInto -->
  <testcase name="checkHowManyRestaurants" time="6.87" classname="Tests.RestaurantsPageTest">
    <failure type="com.codeborne.selenide.ex.ListSizeMismatch" message=": expected: = 91, actual: 0, collection: By.xpath: //*[@class =&amp;apos;ui divided items ui segment&amp;apos;]/div
Elements: []">
      <![CDATA[ListSizeMismatch : expected: = 91, actual: 0, collection: By.xpath: //*[@class ='ui divided items ui segment']/div
Elements: []
Screenshot: file:/C:/Users/lwnuk/IdeaProjects/siiamanUI/build/reports/tests/1520409915736.0.png
Page source: file:/C:/Users/lwnuk/IdeaProjects/siiamanUI/build/reports/tests/1520409915736.0.html
Timeout: 6 s.
at com.codeborne.selenide.collections.ListSize.fail(ListSize.java:24)
at com.codeborne.selenide.ElementsCollection.waitUntil(ElementsCollection.java:99)
at com.codeborne.selenide.ElementsCollection.should(ElementsCollection.java:59)
at com.codeborne.selenide.ElementsCollection.shouldHave(ElementsCollection.java:50)
at com.codeborne.selenide.ElementsCollection.shouldHaveSize(ElementsCollection.java:35)
at PageObject.Restaurants.getNumOfRestaurants(Restaurants.java:26)
at Tests.RestaurantsPageTest.checkHowManyRestaurants(RestaurantsPageTest.java:27)
... Removed 35 stack frames]]>
    </failure>
  </testcase> <!-- checkHowManyRestaurants -->
</testsuite> <!-- Command line test -->
