<?xml version="1.0" encoding="UTF-8"?>
<!-- Generated by org.testng.reporters.JUnitXMLReporter -->
<testsuite hostname="52klj72" ignored="0" name="Command line test" tests="3" failures="0" timestamp="12 lut 2018 09:22:12 GMT" time="32.493" errors="0">
  <testcase name="shouldLoginToDemoVersion" time="5.3" classname="Tests.DemoPageTest"/>
  <testcase name="shouldBeOnHomePage" time="0.037" classname="Tests.HomePageTest"/>
  <testcase name="checkFirstLineMenu" time="11.097" classname="Tests.HomePageTest"/>
</testsuite> <!-- Command line test -->
