<?xml version="1.0" encoding="UTF-8" ?>
<testsuite tests="3" failures="2" name="TestSuite" time="36.333" errors="0" skipped="0">
  <properties>
[...]
</properties>
  <testcase classname="Tests.DemoPageTest" name="shouldGotoRegisterPage" time="2.23"/>
  <testcase classname="Tests.LoginTest" name="shouldLogInto" time="27.229">
    <failure message="expected:&lt;http://localhost:8080/siiamanTest/restaurants&gt; but was:&lt;http://localhost:8080/siiamanTest/&gt;" type="java.lang.AssertionError">java.lang.AssertionError: expected:&lt;http://localhost:8080/siiamanTest/restaurants&gt; but was:&lt;http://localhost:8080/siiamanTest/&gt;
	at org.testng.AssertJUnit.assertEquals(AssertJUnit.java:101)
	at org.testng.AssertJUnit.assertEquals(AssertJUnit.java:108)
	at Tests.LoginTest.shouldLogInto(LoginTest.java:29)
</failure>
    <system-err>mar 07, 2018 9:03:21 AM com.codeborne.selenide.impl.WebDriverThreadLocalContainer closeWebDriver
INFO: Close webdriver: 1 -&gt; ChromeDriver: chrome on XP (7a326a9b88398a80dd36904bc3a67f43)
mar 07, 2018 9:03:21 AM com.codeborne.selenide.impl.WebDriverThreadLocalContainer$CloseBrowser run
INFO: Trying to close the browser ChromeDriver ...
mar 07, 2018 9:03:22 AM com.codeborne.selenide.impl.WebDriverThreadLocalContainer closeWebDriver
INFO: Closed webdriver in 1311 ms
Starting ChromeDriver 2.34.522940 (1a76f96f66e3ca7b8e57d503b4dd3bccfba87af1) on port 10693
Only local connections are allowed.
mar 07, 2018 9:03:24 AM org.openqa.selenium.remote.ProtocolHandshake createSession
INFO: Detected dialect: OSS
mar 07, 2018 9:03:25 AM com.codeborne.selenide.webdriver.WebDriverFactory logBrowserVersion
INFO: BrowserName=chrome Version=64.0.3282.186 Platform=XP
mar 07, 2018 9:03:25 AM com.codeborne.selenide.webdriver.WebDriverFactory createWebDriver
INFO: Selenide v. 4.8
mar 07, 2018 9:03:25 AM com.codeborne.selenide.webdriver.WebDriverFactory logSeleniumInfo
INFO: Selenium WebDriver v. 3.6.0 build time: 2017-09-27T15:28:36.4Z
mar 07, 2018 9:03:25 AM com.codeborne.selenide.impl.WebDriverThreadLocalContainer createDriver
INFO: Create webdriver in current thread 1: ChromeDriver -&gt; ChromeDriver: chrome on XP (529a1f4aba93fd38c0bb7ffdeb0db674)
</system-err>
  </testcase>
  <testcase classname="Tests.RestaurantsPageTest" name="checkHowManyRestaurants" time="6.874">
    <failure message=": expected: = 91, actual: 0, collection: By.xpath: //*[@class =&apos;ui divided items ui segment&apos;]/div
Elements: []" type="ListSizeMismatch ">ListSizeMismatch : expected: = 91, actual: 0, collection: By.xpath: //*[@class =&apos;ui divided items ui segment&apos;]/div
Elements: []
Screenshot: file:/C:/Users/lwnuk/IdeaProjects/siiamanUI/build/reports/tests/1520409915736.0.png
Page source: file:/C:/Users/lwnuk/IdeaProjects/siiamanUI/build/reports/tests/1520409915736.0.html
Timeout: 6 s.
	at com.codeborne.selenide.collections.ListSize.fail(ListSize.java:24)
	at com.codeborne.selenide.ElementsCollection.waitUntil(ElementsCollection.java:99)
	at com.codeborne.selenide.ElementsCollection.should(ElementsCollection.java:59)
	at com.codeborne.selenide.ElementsCollection.shouldHave(ElementsCollection.java:50)
	at com.codeborne.selenide.ElementsCollection.shouldHaveSize(ElementsCollection.java:35)
	at PageObject.Restaurants.getNumOfRestaurants(Restaurants.java:26)
	at Tests.RestaurantsPageTest.checkHowManyRestaurants(RestaurantsPageTest.java:27)
</failure>
    <system-err>mar 07, 2018 9:03:53 AM com.codeborne.selenide.impl.WebDriverThreadLocalContainer closeWebDriver
INFO: Close webdriver: 1 -&gt; ChromeDriver: chrome on XP (529a1f4aba93fd38c0bb7ffdeb0db674)
mar 07, 2018 9:03:53 AM com.codeborne.selenide.impl.WebDriverThreadLocalContainer$CloseBrowser run
INFO: Trying to close the browser ChromeDriver ...
mar 07, 2018 9:03:55 AM com.codeborne.selenide.impl.WebDriverThreadLocalContainer closeWebDriver
INFO: Closed webdriver in 1159 ms
Starting ChromeDriver 2.34.522940 (1a76f96f66e3ca7b8e57d503b4dd3bccfba87af1) on port 5672
Only local connections are allowed.
mar 07, 2018 9:03:57 AM org.openqa.selenium.remote.ProtocolHandshake createSession
INFO: Detected dialect: OSS
mar 07, 2018 9:03:58 AM com.codeborne.selenide.webdriver.WebDriverFactory logBrowserVersion
INFO: BrowserName=chrome Version=64.0.3282.186 Platform=XP
mar 07, 2018 9:03:58 AM com.codeborne.selenide.webdriver.WebDriverFactory createWebDriver
INFO: Selenide v. 4.8
mar 07, 2018 9:03:58 AM com.codeborne.selenide.webdriver.WebDriverFactory logSeleniumInfo
INFO: Selenium WebDriver v. 3.6.0 build time: 2017-09-27T15:28:36.4Z
mar 07, 2018 9:03:58 AM com.codeborne.selenide.impl.WebDriverThreadLocalContainer createDriver
INFO: Create webdriver in current thread 1: ChromeDriver -&gt; ChromeDriver: chrome on XP (1e6ab179c00a32560a9f1040e0ff5919)
</system-err>
  </testcase>
</testsuite>