<?xml version="1.0" encoding="UTF-8"?>
<testng-results skipped="0" failed="0" ignored="0" total="3" passed="3">
  <reporter-output>
  </reporter-output>
  <suite name="Command line suite" duration-ms="32493" started-at="2018-02-12T09:21:39Z" finished-at="2018-02-12T09:22:12Z">
    <groups>
    </groups>
    <test name="Command line test" duration-ms="32493" started-at="2018-02-12T09:21:39Z" finished-at="2018-02-12T09:22:12Z">
      <class name="Tests.DemoPageTest">
        <test-method status="PASS" signature="setUp()[pri:0, instance:Tests.DemoPageTest@617c74e5]" name="setUp" is-config="true" duration-ms="8265" started-at="2018-02-12T09:21:39Z" finished-at="2018-02-12T09:21:47Z">
          <reporter-output>
          </reporter-output>
        </test-method> <!-- setUp -->
        <test-method status="PASS" signature="shouldLoginToDemoVersion()[pri:0, instance:Tests.DemoPageTest@617c74e5]" name="shouldLoginToDemoVersion" duration-ms="5300" started-at="2018-02-12T09:21:47Z" finished-at="2018-02-12T09:21:53Z">
          <reporter-output>
          </reporter-output>
        </test-method> <!-- shouldLoginToDemoVersion -->
        <test-method status="PASS" signature="tearDown()[pri:0, instance:Tests.DemoPageTest@617c74e5]" name="tearDown" is-config="true" duration-ms="797" started-at="2018-02-12T09:21:53Z" finished-at="2018-02-12T09:21:53Z">
          <reporter-output>
          </reporter-output>
        </test-method> <!-- tearDown -->
      </class> <!-- Tests.DemoPageTest -->
      <class name="Tests.HomePageTest">
        <test-method status="PASS" signature="setUp()[pri:0, instance:Tests.HomePageTest@6537cf78]" name="setUp" is-config="true" duration-ms="6158" started-at="2018-02-12T09:21:53Z" finished-at="2018-02-12T09:22:00Z">
          <reporter-output>
          </reporter-output>
        </test-method> <!-- setUp -->
        <test-method status="PASS" signature="shouldBeOnHomePage()[pri:0, instance:Tests.HomePageTest@6537cf78]" name="shouldBeOnHomePage" duration-ms="37" started-at="2018-02-12T09:22:00Z" finished-at="2018-02-12T09:22:00Z">
          <reporter-output>
          </reporter-output>
        </test-method> <!-- shouldBeOnHomePage -->
        <test-method status="PASS" signature="checkFirstLineMenu()[pri:0, instance:Tests.HomePageTest@6537cf78]" name="checkFirstLineMenu" duration-ms="11097" started-at="2018-02-12T09:22:00Z" depends-on-methods="Tests.HomePageTest.shouldBeOnHomePage" finished-at="2018-02-12T09:22:11Z">
          <reporter-output>
          </reporter-output>
        </test-method> <!-- checkFirstLineMenu -->
        <test-method status="PASS" signature="tearDown()[pri:0, instance:Tests.HomePageTest@6537cf78]" name="tearDown" is-config="true" duration-ms="806" started-at="2018-02-12T09:22:11Z" finished-at="2018-02-12T09:22:12Z">
          <reporter-output>
          </reporter-output>
        </test-method> <!-- tearDown -->
      </class> <!-- Tests.HomePageTest -->
    </test> <!-- Command line test -->
  </suite> <!-- Command line suite -->
</testng-results>
